# JRE version: OpenJDK Runtime Environment Temurin-21.0.2+13 (21.0.2+13) (build 21.0.2+13-LTS)
# Java VM: OpenJDK 64-Bit Server VM Temurin-21.0.2+13 (21.0.2+13-LTS, mixed mode, emulated-client, sharing, tiered, compressed oops, compressed class ptrs, g1 gc, windows-amd64)
GC Precious Log:
 CardTable entry size: 512
 Card Set container configuration: InlinePtr #cards 4 size 8 Array Of Cards #cards 64 size 144 Howl #buckets 8 coarsen threshold 14745 Howl Bitmap #cards 2048 size 272 coarsen threshold 1843 Card regions per heap region 1 cards per card region 16384
 CPUs: 12 total, 12 available
 Memory: 65448M
 Large Page Support: Disabled
 NUMA Support: Disabled
 Compressed Oops: Enabled (Zero based)
 Heap Region Size: 8M
 Heap Min Capacity: 8M
 Heap Initial Capacity: 1G
 Heap Max Capacity: 16368M
 Pre-touch: Disabled
 Parallel Workers: 10
 Concurrent Workers: 3
 Concurrent Refinement Workers: 10
 Periodic GC: Disabled
Heap:
 garbage-first heap   total 114688K, used 58349K [0x0000000401000000, 0x0000000800000000)
  region size 8192K, 5 young (40960K), 1 survivors (8192K)
 Metaspace       used 76389K, committed 77120K, reserved 1179648K
  class space    used 10387K, committed 10752K, reserved 1048576K
GC Heap History (20 events):
Event: 37144.240 GC heap before
{Heap before GC invocations=43 (full 1):
 garbage-first heap   total 114688K, used 71483K [0x0000000401000000, 0x0000000800000000)
  region size 8192K, 6 young (49152K), 1 survivors (8192K)
 Metaspace       used 75483K, committed 76224K, reserved 1179648K
  class space    used 10333K, committed 10688K, reserved 1048576K
}
Event: 37144.327 GC heap after
{Heap after GC invocations=44 (full 2):
 garbage-first heap   total 114688K, used 28492K [0x0000000401000000, 0x0000000800000000)
  region size 8192K, 0 young (0K), 0 survivors (0K)
 Metaspace       used 75390K, committed 76224K, reserved 1179648K
  class space    used 10312K, committed 10688K, reserved 1048576K
}
Event: 37144.717 GC heap before
{Heap before GC invocations=44 (full 2):
 garbage-first heap   total 114688K, used 94028K [0x0000000401000000, 0x0000000800000000)
  region size 8192K, 8 young (65536K), 0 survivors (0K)
 Metaspace       used 75461K, committed 76224K, reserved 1179648K
  class space    used 10323K, committed 10688K, reserved 1048576K
}
Event: 37144.719 GC heap after
{Heap after GC invocations=45 (full 2):
 garbage-first heap   total 114688K, used 32097K [0x0000000401000000, 0x0000000800000000)
  region size 8192K, 1 young (8192K), 1 survivors (8192K)
 Metaspace       used 75461K, committed 76224K, reserved 1179648K
  class space    used 10323K, committed 10688K, reserved 1048576K
}
Event: 37144.901 GC heap before
{Heap before GC invocations=46 (full 2):
 garbage-first heap   total 114688K, used 89441K [0x0000000401000000, 0x0000000800000000)
  region size 8192K, 8 young (65536K), 1 survivors (8192K)
 Metaspace       used 75601K, committed 76352K, reserved 1179648K
  class space    used 10334K, committed 10688K, reserved 1048576K
}
Event: 37144.902 GC heap after
{Heap after GC invocations=47 (full 2):
 garbage-first heap   total 114688K, used 33382K [0x0000000401000000, 0x0000000800000000)
  region size 8192K, 1 young (8192K), 1 survivors (8192K)
 Metaspace       used 75601K, committed 76352K, reserved 1179648K
  class space    used 10334K, committed 10688K, reserved 1048576K
}
Event: 37145.033 GC heap before
{Heap before GC invocations=47 (full 2):
 garbage-first heap   total 114688K, used 90726K [0x0000000401000000, 0x0000000800000000)
  region size 8192K, 8 young (65536K), 1 survivors (8192K)
 Metaspace       used 75774K, committed 76480K, reserved 1179648K
  class space    used 10345K, committed 10688K, reserved 1048576K
}
Event: 37145.037 GC heap after
{Heap after GC invocations=48 (full 2):
 garbage-first heap   total 581632K, used 34611K [0x0000000401000000, 0x0000000800000000)
  region size 8192K, 1 young (8192K), 1 survivors (8192K)
 Metaspace       used 75774K, committed 76480K, reserved 1179648K
  class space    used 10345K, committed 10688K, reserved 1048576K
}
Event: 37505.578 GC heap before
{Heap before GC invocations=48 (full 2):
 garbage-first heap   total 581632K, used 190259K [0x0000000401000000, 0x0000000800000000)
  region size 8192K, 21 young (172032K), 1 survivors (8192K)
 Metaspace       used 75826K, committed 76544K, reserved 1179648K
  class space    used 10356K, committed 10688K, reserved 1048576K
}
Event: 37505.614 GC heap after
{Heap after GC invocations=49 (full 3):
 garbage-first heap   total 221184K, used 30678K [0x0000000401000000, 0x0000000800000000)
  region size 8192K, 0 young (0K), 0 survivors (0K)
 Metaspace       used 75813K, committed 76544K, reserved 1179648K
  class space    used 10354K, committed 10688K, reserved 1048576K
}
Event: 37506.164 GC heap before
{Heap before GC invocations=49 (full 3):
 garbage-first heap   total 221184K, used 161750K [0x0000000401000000, 0x0000000800000000)
  region size 8192K, 16 young (131072K), 0 survivors (0K)
 Metaspace       used 76023K, committed 76800K, reserved 1179648K
  class space    used 10374K, committed 10752K, reserved 1048576K
}
Event: 37506.166 GC heap after
{Heap after GC invocations=50 (full 3):
 garbage-first heap   total 221184K, used 35914K [0x0000000401000000, 0x0000000800000000)
  region size 8192K, 1 young (8192K), 1 survivors (8192K)
 Metaspace       used 76023K, committed 76800K, reserved 1179648K
  class space    used 10374K, committed 10752K, reserved 1048576K
}
Event: 37506.518 GC heap before
{Heap before GC invocations=51 (full 3):
 garbage-first heap   total 221184K, used 158794K [0x0000000401000000, 0x0000000800000000)
  region size 8192K, 16 young (131072K), 1 survivors (8192K)
 Metaspace       used 76079K, committed 76864K, reserved 1179648K
  class space    used 10358K, committed 10752K, reserved 1048576K
}
Event: 37506.521 GC heap after
{Heap after GC invocations=52 (full 3):
 garbage-first heap   total 221184K, used 38692K [0x0000000401000000, 0x0000000800000000)
  region size 8192K, 1 young (8192K), 1 survivors (8192K)
 Metaspace       used 76079K, committed 76864K, reserved 1179648K
  class space    used 10358K, committed 10752K, reserved 1048576K
}
Event: 37510.112 GC heap before
{Heap before GC invocations=52 (full 3):
 garbage-first heap   total 221184K, used 87844K [0x0000000401000000, 0x0000000800000000)
  region size 8192K, 8 young (65536K), 1 survivors (8192K)
 Metaspace       used 76140K, committed 76864K, reserved 1179648K
  class space    used 10367K, committed 10752K, reserved 1048576K
}
Event: 37510.162 GC heap after
{Heap after GC invocations=53 (full 4):
 garbage-first heap   total 114688K, used 28706K [0x0000000401000000, 0x0000000800000000)
  region size 8192K, 0 young (0K), 0 survivors (0K)
 Metaspace       used 76107K, committed 76864K, reserved 1179648K
  class space    used 10362K, committed 10752K, reserved 1048576K
}
Event: 37510.494 GC heap before
{Heap before GC invocations=53 (full 4):
 garbage-first heap   total 114688K, used 94242K [0x0000000401000000, 0x0000000800000000)
  region size 8192K, 8 young (65536K), 0 survivors (0K)
 Metaspace       used 76183K, committed 76928K, reserved 1179648K
  class space    used 10373K, committed 10752K, reserved 1048576K
}
Event: 37510.495 GC heap after
{Heap after GC invocations=54 (full 4):
 garbage-first heap   total 114688K, used 32590K [0x0000000401000000, 0x0000000800000000)
  region size 8192K, 1 young (8192K), 1 survivors (8192K)
 Metaspace       used 76183K, committed 76928K, reserved 1179648K
  class space    used 10373K, committed 10752K, reserved 1048576K
}
Event: 37510.667 GC heap before
{Heap before GC invocations=55 (full 4):
 garbage-first heap   total 114688K, used 89934K [0x0000000401000000, 0x0000000800000000)
  region size 8192K, 8 young (65536K), 1 survivors (8192K)
 Metaspace       used 76316K, committed 77056K, reserved 1179648K
  class space    used 10383K, committed 10752K, reserved 1048576K
}
Event: 37510.669 GC heap after
{Heap after GC invocations=56 (full 4):
 garbage-first heap   total 114688K, used 33773K [0x0000000401000000, 0x0000000800000000)
  region size 8192K, 1 young (8192K), 1 survivors (8192K)
 Metaspace       used 76316K, committed 77056K, reserved 1179648K
  class space    used 10383K, committed 10752K, reserved 1048576K
}

