# JRE version: OpenJDK Runtime Environment Temurin-21.0.2+13 (21.0.2+13) (build 21.0.2+13-LTS)
# Java VM: OpenJDK 64-Bit Server VM Temurin-21.0.2+13 (21.0.2+13-LTS, mixed mode, emulated-client, sharing, tiered, compressed oops, compressed class ptrs, g1 gc, windows-amd64)
GC Precious Log:
 CardTable entry size: 512
 Card Set container configuration: InlinePtr #cards 4 size 8 Array Of Cards #cards 64 size 144 Howl #buckets 8 coarsen threshold 14745 Howl Bitmap #cards 2048 size 272 coarsen threshold 1843 Card regions per heap region 1 cards per card region 16384
 CPUs: 12 total, 12 available
 Memory: 65448M
 Large Page Support: Disabled
 NUMA Support: Disabled
 Compressed Oops: Enabled (Zero based)
 Heap Region Size: 8M
 Heap Min Capacity: 8M
 Heap Initial Capacity: 1G
 Heap Max Capacity: 16368M
 Pre-touch: Disabled
 Parallel Workers: 10
 Concurrent Workers: 3
 Concurrent Refinement Workers: 10
 Periodic GC: Disabled
Heap:
 garbage-first heap   total 581632K, used 114295K [0x0000000401000000, 0x0000000800000000)
  region size 8192K, 12 young (98304K), 1 survivors (8192K)
 Metaspace       used 73785K, committed 74624K, reserved 1114112K
  class space    used 10053K, committed 10496K, reserved 1048576K
GC Heap History (20 events):
Event: 1306.073 GC heap before
{Heap before GC invocations=19 (full 1):
 garbage-first heap   total 245760K, used 176280K [0x0000000401000000, 0x0000000800000000)
  region size 8192K, 18 young (147456K), 1 survivors (8192K)
 Metaspace       used 72893K, committed 73728K, reserved 1114112K
  class space    used 9957K, committed 10304K, reserved 1048576K
}
Event: 1306.076 GC heap after
{Heap after GC invocations=20 (full 1):
 garbage-first heap   total 245760K, used 38960K [0x0000000401000000, 0x0000000800000000)
  region size 8192K, 1 young (8192K), 1 survivors (8192K)
 Metaspace       used 72893K, committed 73728K, reserved 1114112K
  class space    used 9957K, committed 10304K, reserved 1048576K
}
Event: 2461.251 GC heap before
{Heap before GC invocations=20 (full 1):
 garbage-first heap   total 245760K, used 120880K [0x0000000401000000, 0x0000000800000000)
  region size 8192K, 12 young (98304K), 1 survivors (8192K)
 Metaspace       used 73394K, committed 74240K, reserved 1114112K
  class space    used 10068K, committed 10432K, reserved 1048576K
}
Event: 2461.255 GC heap after
{Heap after GC invocations=21 (full 1):
 garbage-first heap   total 245760K, used 40157K [0x0000000401000000, 0x0000000800000000)
  region size 8192K, 2 young (16384K), 2 survivors (16384K)
 Metaspace       used 73394K, committed 74240K, reserved 1114112K
  class space    used 10068K, committed 10432K, reserved 1048576K
}
Event: 3270.945 GC heap before
{Heap before GC invocations=22 (full 1):
 garbage-first heap   total 245760K, used 81117K [0x0000000401000000, 0x0000000800000000)
  region size 8192K, 8 young (65536K), 2 survivors (16384K)
 Metaspace       used 73001K, committed 74240K, reserved 1114112K
  class space    used 9966K, committed 10432K, reserved 1048576K
}
Event: 3271.000 GC heap after
{Heap after GC invocations=23 (full 2):
 garbage-first heap   total 114688K, used 28041K [0x0000000401000000, 0x0000000800000000)
  region size 8192K, 0 young (0K), 0 survivors (0K)
 Metaspace       used 72971K, committed 74240K, reserved 1114112K
  class space    used 9959K, committed 10432K, reserved 1048576K
}
Event: 3271.373 GC heap before
{Heap before GC invocations=23 (full 2):
 garbage-first heap   total 114688K, used 93577K [0x0000000401000000, 0x0000000800000000)
  region size 8192K, 8 young (65536K), 0 survivors (0K)
 Metaspace       used 73135K, committed 74240K, reserved 1114112K
  class space    used 9993K, committed 10432K, reserved 1048576K
}
Event: 3271.376 GC heap after
{Heap after GC invocations=24 (full 2):
 garbage-first heap   total 114688K, used 32798K [0x0000000401000000, 0x0000000800000000)
  region size 8192K, 1 young (8192K), 1 survivors (8192K)
 Metaspace       used 73135K, committed 74240K, reserved 1114112K
  class space    used 9993K, committed 10432K, reserved 1048576K
}
Event: 3271.573 GC heap before
{Heap before GC invocations=24 (full 2):
 garbage-first heap   total 114688K, used 90142K [0x0000000401000000, 0x0000000800000000)
  region size 8192K, 8 young (65536K), 1 survivors (8192K)
 Metaspace       used 73307K, committed 74304K, reserved 1114112K
  class space    used 10012K, committed 10432K, reserved 1048576K
}
Event: 3271.575 GC heap after
{Heap after GC invocations=25 (full 2):
 garbage-first heap   total 114688K, used 34883K [0x0000000401000000, 0x0000000800000000)
  region size 8192K, 1 young (8192K), 1 survivors (8192K)
 Metaspace       used 73307K, committed 74304K, reserved 1114112K
  class space    used 10012K, committed 10432K, reserved 1048576K
}
Event: 3271.683 GC heap before
{Heap before GC invocations=25 (full 2):
 garbage-first heap   total 114688K, used 84035K [0x0000000401000000, 0x0000000800000000)
  region size 8192K, 7 young (57344K), 1 survivors (8192K)
 Metaspace       used 73487K, committed 74368K, reserved 1114112K
  class space    used 10025K, committed 10432K, reserved 1048576K
}
Event: 3271.684 GC heap after
{Heap after GC invocations=26 (full 2):
 garbage-first heap   total 114688K, used 35604K [0x0000000401000000, 0x0000000800000000)
  region size 8192K, 1 young (8192K), 1 survivors (8192K)
 Metaspace       used 73487K, committed 74368K, reserved 1114112K
  class space    used 10025K, committed 10432K, reserved 1048576K
}
Event: 3271.830 GC heap before
{Heap before GC invocations=26 (full 2):
 garbage-first heap   total 114688K, used 84756K [0x0000000401000000, 0x0000000800000000)
  region size 8192K, 7 young (57344K), 1 survivors (8192K)
 Metaspace       used 73521K, committed 74368K, reserved 1114112K
  class space    used 10034K, committed 10432K, reserved 1048576K
}
Event: 3271.831 GC heap after
{Heap after GC invocations=27 (full 2):
 garbage-first heap   total 114688K, used 37646K [0x0000000401000000, 0x0000000800000000)
  region size 8192K, 1 young (8192K), 1 survivors (8192K)
 Metaspace       used 73521K, committed 74368K, reserved 1114112K
  class space    used 10034K, committed 10432K, reserved 1048576K
}
Event: 3271.949 GC heap before
{Heap before GC invocations=27 (full 2):
 garbage-first heap   total 114688K, used 86798K [0x0000000401000000, 0x0000000800000000)
  region size 8192K, 7 young (57344K), 1 survivors (8192K)
 Metaspace       used 73542K, committed 74368K, reserved 1114112K
  class space    used 10039K, committed 10432K, reserved 1048576K
}
Event: 3271.951 GC heap after
{Heap after GC invocations=28 (full 2):
 garbage-first heap   total 114688K, used 38874K [0x0000000401000000, 0x0000000800000000)
  region size 8192K, 1 young (8192K), 1 survivors (8192K)
 Metaspace       used 73542K, committed 74368K, reserved 1114112K
  class space    used 10039K, committed 10432K, reserved 1048576K
}
Event: 3276.515 GC heap before
{Heap before GC invocations=28 (full 2):
 garbage-first heap   total 114688K, used 71642K [0x0000000401000000, 0x0000000800000000)
  region size 8192K, 6 young (49152K), 1 survivors (8192K)
 Metaspace       used 73590K, committed 74368K, reserved 1114112K
  class space    used 10047K, committed 10432K, reserved 1048576K
}
Event: 3276.606 GC heap after
{Heap after GC invocations=29 (full 3):
 garbage-first heap   total 114688K, used 28875K [0x0000000401000000, 0x0000000800000000)
  region size 8192K, 0 young (0K), 0 survivors (0K)
 Metaspace       used 73502K, committed 74368K, reserved 1114112K
  class space    used 10028K, committed 10432K, reserved 1048576K
}
Event: 3276.944 GC heap before
{Heap before GC invocations=29 (full 3):
 garbage-first heap   total 114688K, used 94411K [0x0000000401000000, 0x0000000800000000)
  region size 8192K, 8 young (65536K), 0 survivors (0K)
 Metaspace       used 73578K, committed 74368K, reserved 1114112K
  class space    used 10039K, committed 10432K, reserved 1048576K
}
Event: 3276.946 GC heap after
{Heap after GC invocations=30 (full 3):
 garbage-first heap   total 581632K, used 32375K [0x0000000401000000, 0x0000000800000000)
  region size 8192K, 1 young (8192K), 1 survivors (8192K)
 Metaspace       used 73578K, committed 74368K, reserved 1114112K
  class space    used 10039K, committed 10432K, reserved 1048576K
}

